C:/Users/p/Desktop/AES_CTR/Aes/aes/aes_core.c:188: warning: argument dk from the argument list of aes_decrypt_block has multiple @param documentation sections
C:/Users/p/Desktop/AES_CTR/Aes/aes/aes_core.c:188: warning: argument in from the argument list of aes_decrypt_block has multiple @param documentation sections
C:/Users/p/Desktop/AES_CTR/Aes/aes/aes_core.c:188: warning: argument out from the argument list of aes_decrypt_block has multiple @param documentation sections
C:/Users/p/Desktop/AES_CTR/Aes/aes/aes_core.c:120: warning: argument ek from the argument list of aes_encrypt_block has multiple @param documentation sections
C:/Users/p/Desktop/AES_CTR/Aes/aes/aes_core.c:120: warning: argument in from the argument list of aes_encrypt_block has multiple @param documentation sections
C:/Users/p/Desktop/AES_CTR/Aes/aes/aes_core.c:120: warning: argument out from the argument list of aes_encrypt_block has multiple @param documentation sections
C:/Users/p/Desktop/AES_CTR/Aes/aes/aes_key.c:212: warning: argument k from the argument list of aes_key_clear has multiple @param documentation sections
C:/Users/p/Desktop/AES_CTR/Aes/aes/aes_key.c:178: warning: argument dk from the argument list of aes_set_decrypt_key has multiple @param documentation sections
C:/Users/p/Desktop/AES_CTR/Aes/aes/aes_key.c:178: warning: argument key from the argument list of aes_set_decrypt_key has multiple @param documentation sections
C:/Users/p/Desktop/AES_CTR/Aes/aes/aes_key.c:178: warning: argument klen from the argument list of aes_set_decrypt_key has multiple @param documentation sections
C:/Users/p/Desktop/AES_CTR/Aes/aes/aes_key.c:142: warning: argument ek from the argument list of aes_set_encrypt_key has multiple @param documentation sections
C:/Users/p/Desktop/AES_CTR/Aes/aes/aes_key.c:142: warning: argument key from the argument list of aes_set_encrypt_key has multiple @param documentation sections
C:/Users/p/Desktop/AES_CTR/Aes/aes/aes_key.c:142: warning: argument klen from the argument list of aes_set_encrypt_key has multiple @param documentation sections
C:/Users/p/Desktop/AES_CTR/Aes/aes/aes_sbox.c:143: warning: argument byte from the argument list of aes_inv_sub_byte has multiple @param documentation sections
C:/Users/p/Desktop/AES_CTR/Aes/aes/aes_sbox.c:129: warning: argument byte from the argument list of aes_sub_byte has multiple @param documentation sections
C:/Users/p/Desktop/AES_CTR/Aes/aes/gf256.c:174: warning: argument a from the argument list of gf256_inv has multiple @param documentation sections
C:/Users/p/Desktop/AES_CTR/Aes/aes/gf256.c:139: warning: argument a from the argument list of gf256_mul has multiple @param documentation sections
C:/Users/p/Desktop/AES_CTR/Aes/aes/gf256.c:139: warning: argument b from the argument list of gf256_mul has multiple @param documentation sections
C:/Users/p/Desktop/AES_CTR/Aes/aes/gf256.c:85: warning: argument a from the argument list of gf256_mul2 has multiple @param documentation sections
C:/Users/p/Desktop/AES_CTR/Aes/aes/gf256.c:125: warning: argument a from the argument list of gf256_mul3 has multiple @param documentation sections
C:/Users/p/Desktop/AES_CTR/Aes/aes/gf256.c:99: warning: argument a from the argument list of gf256_mul4 has multiple @param documentation sections
C:/Users/p/Desktop/AES_CTR/Aes/aes/gf256.c:112: warning: argument a from the argument list of gf256_mul8 has multiple @param documentation sections
C:/Users/p/Desktop/AES_CTR/Aes/aes/gf256.c:204: warning: argument a from the argument list of gf256_sqrt has multiple @param documentation sections
C:/Users/p/Desktop/AES_CTR/Aes/aes/gf256.c:191: warning: argument a from the argument list of gf256_square has multiple @param documentation sections
